1677301259184	geckodriver	INFO	Listening on 127.0.0.1:59953
1677301259767	mozrunner::runner	INFO	Running command: "/usr/bin/firefox" "--marionette" "--remote-debugging-port" "48329" "--remote-allow-hosts" "localhost" "-no-remote" "-profile" "/tmp/rust_mozprofilerZBxRi"
console.warn: services.settings: Ignoring preference override of remote settings server
console.warn: services.settings: Allow by setting MOZ_REMOTE_SETTINGS_DEVTOOLS=1 in the environment
ATTENTION: default value of option mesa_glthread overridden by environment.
ATTENTION: default value of option mesa_glthread overridden by environment.
ATTENTION: default value of option mesa_glthread overridden by environment.
ATTENTION: default value of option mesa_glthread overridden by environment.
1677301260798	Marionette	INFO	Marionette enabled
1677301260806	Marionette	INFO	Listening on port 40371
Read port: 40371
WebDriver BiDi listening on ws://127.0.0.1:48329
1677301261045	RemoteAgent	WARN	TLS certificate errors will be ignored for this session
console.error: ({})
console.warn: SearchSettings: "get: No settings file exists, new profile?" (new NotFoundError("Could not open the file at /tmp/rust_mozprofilerZBxRi/search.json.mozlz4", (void 0)))
DevTools listening on ws://127.0.0.1:48329/devtools/browser/223115ea-2866-4aa2-962b-a85764f410e7
JavaScript error: https://www.dsebd.org/displayCompany.php?name=AAMRANET, line 6128: ReferenceError: calculateRightBody is not defined
JavaScript error: https://www.dsebd.org/company_listing.php, line 6200: ReferenceError: calculateRightBody is not defined
JavaScript error: https://www.dsebd.org/displayCompany.php?name=BEXIMCO, line 6128: ReferenceError: calculateRightBody is not defined
JavaScript error: https://www.dsebd.org/company_listing.php, line 6200: ReferenceError: calculateRightBody is not defined
JavaScript error: https://www.dsebd.org/displayCompany.php?name=NPOLYMER, line 6128: ReferenceError: calculateRightBody is not defined
JavaScript error: https://www.dsebd.org/displayCompany.php?name=AAMRANET, line 6128: ReferenceError: calculateRightBody is not defined
JavaScript error: https://www.dsebd.org/displayCompany.php?name=AAMRANET, line 6128: ReferenceError: calculateRightBody is not defined
JavaScript error: https://www.dsebd.org/displayCompany.php?name=AAMRANET, line 6128: ReferenceError: calculateRightBody is not defined
console.error: "Unable to find target with innerWindowId:6442450951"
console.error: "Unable to find target with innerWindowId:6442450951"
JavaScript error: https://www.dsebd.org/displayCompany.php?name=AAMRANET, line 6128: ReferenceError: calculateRightBody is not defined
console.error: "Unable to find target with innerWindowId:6442450953"
JavaScript error: https://www.dsebd.org/displayCompany.php?name=AAMRANET, line 6128: ReferenceError: calculateRightBody is not defined
JavaScript error: https://www.dsebd.org/displayCompany.php?name=AAMRANET, line 6128: ReferenceError: calculateRightBody is not defined
JavaScript error: https://www.dsebd.org/displayCompany.php?name=AAMRANET, line 6128: ReferenceError: calculateRightBody is not defined
console.error: "Unable to find target with innerWindowId:6442450955"
console.error: "Unable to find target with innerWindowId:6442450955"
JavaScript error: https://www.dsebd.org/displayCompany.php?name=AAMRANET, line 6128: ReferenceError: calculateRightBody is not defined
console.error: "Unable to find target with innerWindowId:6442450956"
console.error: "Unable to find target with innerWindowId:6442450956"
JavaScript error: https://www.dsebd.org/displayCompany.php?name=AAMRANET, line 6128: ReferenceError: calculateRightBody is not defined
console.error: "Unable to find target with innerWindowId:6442450957"
console.error: "Unable to find target with innerWindowId:6442450957"
console.error: "Unable to find target with innerWindowId:6442450958"
JavaScript error: https://www.dsebd.org/displayCompany.php?name=AAMRANET, line 6128: ReferenceError: calculateRightBody is not defined
JavaScript error: https://www.dsebd.org/displayCompany.php?name=AAMRANET, line 6128: ReferenceError: calculateRightBody is not defined
JavaScript error: https://www.dsebd.org/displayCompany.php?name=AAMRANET, line 6128: ReferenceError: calculateRightBody is not defined
JavaScript error: https://www.dsebd.org/displayCompany.php?name=AAMRANET, line 6128: ReferenceError: calculateRightBody is not defined
JavaScript error: https://www.dsebd.org/displayCompany.php?name=AAMRANET, line 6128: ReferenceError: calculateRightBody is not defined
JavaScript error: https://www.dsebd.org/displayCompany.php?name=AAMRANET, line 6128: ReferenceError: calculateRightBody is not defined
Exiting due to channel error.
Exiting due to channel error.
Exiting due to channel error.
Exiting due to channel error.
Exiting due to channel error.
1677306891827	geckodriver	INFO	Listening on 127.0.0.1:59375
1677306892359	mozrunner::runner	INFO	Running command: "/usr/bin/firefox" "--marionette" "--remote-debugging-port" "44409" "--remote-allow-hosts" "localhost" "-no-remote" "-profile" "/tmp/rust_mozprofilegRi9bt"
console.warn: services.settings: Ignoring preference override of remote settings server
console.warn: services.settings: Allow by setting MOZ_REMOTE_SETTINGS_DEVTOOLS=1 in the environment
ATTENTION: default value of option mesa_glthread overridden by environment.
ATTENTION: default value of option mesa_glthread overridden by environment.
ATTENTION: default value of option mesa_glthread overridden by environment.
ATTENTION: default value of option mesa_glthread overridden by environment.
1677306893245	Marionette	INFO	Marionette enabled
1677306893249	Marionette	INFO	Listening on port 41315
Read port: 41315
WebDriver BiDi listening on ws://127.0.0.1:44409
1677306893456	RemoteAgent	WARN	TLS certificate errors will be ignored for this session
console.error: ({})
console.warn: SearchSettings: "get: No settings file exists, new profile?" (new NotFoundError("Could not open the file at /tmp/rust_mozprofilegRi9bt/search.json.mozlz4", (void 0)))
DevTools listening on ws://127.0.0.1:44409/devtools/browser/bd75dcb4-6817-4d0c-a239-693a632097bb
JavaScript error: https://www.dsebd.org/displayCompany.php?name=AAMRANET, line 6128: ReferenceError: calculateRightBody is not defined
JavaScript error: https://www.dsebd.org/displayCompany.php?name=AAMRANET, line 6128: ReferenceError: calculateRightBody is not defined
JavaScript error: https://www.dsebd.org/displayCompany.php?name=AAMRANET, line 6128: ReferenceError: calculateRightBody is not defined
JavaScript error: https://www.dsebd.org/displayCompany.php?name=AAMRANET, line 6128: ReferenceError: calculateRightBody is not defined
JavaScript error: https://www.dsebd.org/displayCompany.php?name=AAMRANET, line 6128: ReferenceError: calculateRightBody is not defined
JavaScript error: https://www.dsebd.org/displayCompany.php?name=AAMRANET, line 6128: ReferenceError: calculateRightBody is not defined
JavaScript error: https://www.dsebd.org/displayCompany.php?name=AAMRANET, line 6128: ReferenceError: calculateRightBody is not defined
JavaScript error: https://www.dsebd.org/displayCompany.php?name=AAMRANET, line 6128: ReferenceError: calculateRightBody is not defined
JavaScript error: https://www.dsebd.org/displayCompany.php?name=AAMRANET, line 6128: ReferenceError: calculateRightBody is not defined
JavaScript error: https://www.dsebd.org/displayCompany.php?name=AAMRANET, line 2059: ReferenceError: calculateRightBody is not defined
JavaScript error: https://www.dsebd.org/displayCompany.php?name=AAMRANET, line 6128: ReferenceError: calculateRightBody is not defined
JavaScript error: https://www.dsebd.org/displayCompany.php?name=AAMRANET, line 6128: ReferenceError: calculateRightBody is not defined
JavaScript error: https://www.dsebd.org/displayCompany.php?name=AAMRANET, line 6128: ReferenceError: calculateRightBody is not defined
JavaScript error: https://www.dsebd.org/displayCompany.php?name=AAMRANET, line 6128: ReferenceError: calculateRightBody is not defined
JavaScript error: https://www.dsebd.org/displayCompany.php?name=AAMRANET, line 6128: ReferenceError: calculateRightBody is not defined
JavaScript error: https://www.dsebd.org/displayCompany.php?name=AAMRANET, line 6128: ReferenceError: calculateRightBody is not defined
JavaScript error: https://www.dsebd.org/displayCompany.php?name=AAMRANET, line 6128: ReferenceError: calculateRightBody is not defined
JavaScript error: https://www.dsebd.org/displayCompany.php?name=AAMRANET, line 6128: ReferenceError: calculateRightBody is not defined
JavaScript error: https://www.dsebd.org/displayCompany.php?name=AAMRANET, line 6128: ReferenceError: calculateRightBody is not defined
JavaScript error: https://www.dsebd.org/displayCompany.php?name=AAMRANET, line 6128: ReferenceError: calculateRightBody is not defined
JavaScript error: https://www.dsebd.org/displayCompany.php?name=AAMRANET, line 6128: ReferenceError: calculateRightBody is not defined
JavaScript error: https://www.dsebd.org/displayCompany.php?name=AAMRANET, line 6128: ReferenceError: calculateRightBody is not defined
JavaScript error: https://www.dsebd.org/displayCompany.php?name=AAMRANET, line 6128: ReferenceError: calculateRightBody is not defined
JavaScript error: https://www.dsebd.org/displayCompany.php?name=AAMRANET, line 6128: ReferenceError: calculateRightBody is not defined
JavaScript error: https://www.dsebd.org/displayCompany.php?name=AAMRANET, line 6128: ReferenceError: calculateRightBody is not defined
JavaScript error: https://www.dsebd.org/displayCompany.php?name=AAMRANET, line 6128: ReferenceError: calculateRightBody is not defined
JavaScript error: https://www.dsebd.org/displayCompany.php?name=AAMRANET, line 6128: ReferenceError: calculateRightBody is not defined
JavaScript error: https://www.dsebd.org/displayCompany.php?name=AAMRANET, line 6128: ReferenceError: calculateRightBody is not defined
JavaScript error: https://www.dsebd.org/displayCompany.php?name=AAMRANET, line 6128: ReferenceError: calculateRightBody is not defined
JavaScript error: https://www.dsebd.org/displayCompany.php?name=AAMRANET, line 6128: ReferenceError: calculateRightBody is not defined
JavaScript error: https://www.dsebd.org/displayCompany.php?name=AAMRANET, line 6128: ReferenceError: calculateRightBody is not defined
JavaScript error: https://www.dsebd.org/displayCompany.php?name=AAMRANET, line 6128: ReferenceError: calculateRightBody is not defined
JavaScript error: https://www.dsebd.org/displayCompany.php?name=AAMRANET, line 6128: ReferenceError: calculateRightBody is not defined
JavaScript error: https://www.dsebd.org/displayCompany.php?name=AAMRANET, line 6128: ReferenceError: calculateRightBody is not defined
JavaScript error: https://www.dsebd.org/displayCompany.php?name=AAMRANET, line 6128: ReferenceError: calculateRightBody is not defined
JavaScript error: https://www.dsebd.org/displayCompany.php?name=AAMRANET, line 6128: ReferenceError: calculateRightBody is not defined
JavaScript error: https://www.dsebd.org/displayCompany.php?name=AAMRANET, line 6128: ReferenceError: calculateRightBody is not defined
JavaScript error: https://www.dsebd.org/displayCompany.php?name=AAMRANET, line 6128: ReferenceError: calculateRightBody is not defined
JavaScript error: https://www.dsebd.org/displayCompany.php?name=AAMRANET, line 6128: ReferenceError: calculateRightBody is not defined
JavaScript error: https://www.dsebd.org/displayCompany.php?name=AAMRANET, line 6128: ReferenceError: calculateRightBody is not defined
JavaScript error: https://www.dsebd.org/displayCompany.php?name=AAMRANET, line 6128: ReferenceError: calculateRightBody is not defined
JavaScript error: https://www.dsebd.org/displayCompany.php?name=AAMRANET, line 6128: ReferenceError: calculateRightBody is not defined
JavaScript error: https://www.dsebd.org/displayCompany.php?name=AAMRANET, line 6128: ReferenceError: calculateRightBody is not defined
JavaScript error: https://www.dsebd.org/displayCompany.php?name=AAMRANET, line 6128: ReferenceError: calculateRightBody is not defined
JavaScript error: https://www.dsebd.org/displayCompany.php?name=AAMRANET, line 6128: ReferenceError: calculateRightBody is not defined
JavaScript error: https://www.dsebd.org/displayCompany.php?name=AAMRANET, line 6128: ReferenceError: calculateRightBody is not defined
JavaScript error: https://www.dsebd.org/displayCompany.php?name=AAMRANET, line 6128: ReferenceError: calculateRightBody is not defined
JavaScript error: https://www.dsebd.org/displayCompany.php?name=AAMRANET, line 6128: ReferenceError: calculateRightBody is not defined
JavaScript error: https://www.dsebd.org/displayCompany.php?name=AAMRANET, line 6128: ReferenceError: calculateRightBody is not defined
JavaScript error: https://www.dsebd.org/displayCompany.php?name=AAMRANET, line 6128: ReferenceError: calculateRightBody is not defined
JavaScript error: https://www.dsebd.org/displayCompany.php?name=AAMRANET, line 6128: ReferenceError: calculateRightBody is not defined
JavaScript error: https://www.dsebd.org/displayCompany.php?name=AAMRANET, line 6128: ReferenceError: calculateRightBody is not defined
JavaScript error: https://www.dsebd.org/displayCompany.php?name=AAMRANET, line 6128: ReferenceError: calculateRightBody is not defined
JavaScript error: https://www.dsebd.org/displayCompany.php?name=AAMRANET, line 6128: ReferenceError: calculateRightBody is not defined
JavaScript error: https://www.dsebd.org/displayCompany.php?name=AAMRANET, line 6128: ReferenceError: calculateRightBody is not defined
JavaScript error: https://www.dsebd.org/displayCompany.php?name=AAMRANET, line 6128: ReferenceError: calculateRightBody is not defined
JavaScript error: https://www.dsebd.org/displayCompany.php?name=AAMRANET, line 6128: ReferenceError: calculateRightBody is not defined
JavaScript error: https://www.dsebd.org/displayCompany.php?name=AAMRANET, line 6128: ReferenceError: calculateRightBody is not defined
JavaScript error: https://www.dsebd.org/displayCompany.php?name=AAMRANET, line 6128: ReferenceError: calculateRightBody is not defined
JavaScript error: https://www.dsebd.org/displayCompany.php?name=AAMRANET, line 6128: ReferenceError: calculateRightBody is not defined
JavaScript error: https://www.dsebd.org/displayCompany.php?name=AAMRANET, line 6128: ReferenceError: calculateRightBody is not defined
JavaScript error: https://www.dsebd.org/displayCompany.php?name=AAMRANET, line 6128: ReferenceError: calculateRightBody is not defined
JavaScript error: https://www.dsebd.org/displayCompany.php?name=AAMRANET, line 6128: ReferenceError: calculateRightBody is not defined
JavaScript error: https://www.dsebd.org/displayCompany.php?name=AAMRANET, line 6128: ReferenceError: calculateRightBody is not defined
JavaScript error: https://www.dsebd.org/displayCompany.php?name=AAMRANET, line 6128: ReferenceError: calculateRightBody is not defined
JavaScript error: https://www.dsebd.org/displayCompany.php?name=AAMRANET, line 6128: ReferenceError: calculateRightBody is not defined
JavaScript error: https://www.dsebd.org/displayCompany.php?name=AAMRANET, line 6128: ReferenceError: calculateRightBody is not defined
JavaScript error: https://www.dsebd.org/displayCompany.php?name=AAMRANET, line 6128: ReferenceError: calculateRightBody is not defined
JavaScript error: https://www.dsebd.org/displayCompany.php?name=AAMRANET, line 6128: ReferenceError: calculateRightBody is not defined
JavaScript error: https://www.dsebd.org/displayCompany.php?name=AAMRANET, line 6128: ReferenceError: calculateRightBody is not defined
JavaScript error: https://www.dsebd.org/displayCompany.php?name=AAMRANET, line 6128: ReferenceError: calculateRightBody is not defined
JavaScript error: https://www.dsebd.org/displayCompany.php?name=AAMRANET, line 6128: ReferenceError: calculateRightBody is not defined
JavaScript error: https://www.dsebd.org/displayCompany.php?name=AAMRANET, line 6128: ReferenceError: calculateRightBody is not defined
JavaScript error: https://www.dsebd.org/displayCompany.php?name=AAMRANET, line 6128: ReferenceError: calculateRightBody is not defined
JavaScript error: https://www.dsebd.org/displayCompany.php?name=AAMRANET, line 6128: ReferenceError: calculateRightBody is not defined
JavaScript error: https://www.dsebd.org/displayCompany.php?name=AAMRANET, line 6128: ReferenceError: calculateRightBody is not defined
JavaScript error: https://www.dsebd.org/displayCompany.php?name=AAMRANET, line 6128: ReferenceError: calculateRightBody is not defined
JavaScript error: https://www.dsebd.org/displayCompany.php?name=AAMRANET, line 6128: ReferenceError: calculateRightBody is not defined
JavaScript error: https://www.dsebd.org/displayCompany.php?name=AAMRANET, line 6128: ReferenceError: calculateRightBody is not defined
JavaScript error: https://www.dsebd.org/displayCompany.php?name=AAMRANET, line 6128: ReferenceError: calculateRightBody is not defined
JavaScript error: https://www.dsebd.org/displayCompany.php?name=AAMRANET, line 6128: ReferenceError: calculateRightBody is not defined
JavaScript error: https://www.dsebd.org/displayCompany.php?name=AAMRANET, line 6128: ReferenceError: calculateRightBody is not defined
JavaScript error: https://www.dsebd.org/displayCompany.php?name=AAMRANET, line 6128: ReferenceError: calculateRightBody is not defined
JavaScript error: https://www.dsebd.org/displayCompany.php?name=AAMRANET, line 6128: ReferenceError: calculateRightBody is not defined
JavaScript error: https://www.dsebd.org/displayCompany.php?name=AAMRANET, line 6128: ReferenceError: calculateRightBody is not defined
JavaScript error: https://www.dsebd.org/displayCompany.php?name=AAMRANET, line 6128: ReferenceError: calculateRightBody is not defined
console.error: "Unable to find target with innerWindowId:6442451029"
console.error: "Unable to find target with innerWindowId:6442451029"
JavaScript error: https://www.dsebd.org/displayCompany.php?name=AAMRANET, line 6128: ReferenceError: calculateRightBody is not defined
console.error: "Unable to find target with innerWindowId:6442451030"
console.error: "Unable to find target with innerWindowId:6442451030"
JavaScript error: https://www.dsebd.org/displayCompany.php?name=AAMRANET, line 6128: ReferenceError: calculateRightBody is not defined
console.error: "Unable to find target with innerWindowId:6442451031"
console.error: "Unable to find target with innerWindowId:6442451031"
JavaScript warning: https://ajax.googleapis.com/ajax/libs/jquery/1.10.2/jquery.min.js, line 2: Using //@ to indicate sourceMappingURL pragmas is deprecated. Use //# instead
console.warn: LoginRecipes: "Falling back to a synchronous message for: https://www.computerhope.com."
JavaScript warning: https://ajax.googleapis.com/ajax/libs/jquery/1.10.2/jquery.min.js, line 2: Using //@ to indicate sourceMappingURL pragmas is deprecated. Use //# instead
JavaScript warning: https://api.fouanalytics.com/s/pp.js, line 1: WEBGL_debug_renderer_info is deprecated in Firefox and will be removed. Please use RENDERER.
1677333217678	Marionette	WARN	Ignoring event 'pageshow' because document has an invalid readyState of 'uninitialized'.
JavaScript warning: https://pagead2.googlesyndication.com/bg/bP143D2MlfrYa-8L1g1kZrRY_Hu8960J3R7GynJ9320.js line 2 > eval line 2360 > eval line 1 > eval line 1 > eval, line 1: WEBGL_debug_renderer_info is deprecated in Firefox and will be removed. Please use RENDERER.
JavaScript error: https://go.ezodn.com/hb/dall.js?cb=195-0-53, line 5: TypeError: g.error is not a function
1677333226682	Marionette	WARN	Ignoring event 'pageshow' because document has an invalid readyState of 'uninitialized'.
JavaScript warning: https://pagead2.googlesyndication.com/bg/bP143D2MlfrYa-8L1g1kZrRY_Hu8960J3R7GynJ9320.js line 2 > eval line 5004 > eval line 1 > eval line 1 > eval, line 1: WEBGL_debug_renderer_info is deprecated in Firefox and will be removed. Please use RENDERER.
JavaScript error: , line 0: TypeError: NetworkError when attempting to fetch resource.
JavaScript error: https://www.dsebd.org/displayCompany.php?name=AAMRANET, line 6128: ReferenceError: calculateRightBody is not defined
console.error: "Unable to find target with innerWindowId:6442451032"
console.error: "Unable to find target with innerWindowId:6442451032"
JavaScript error: https://www.dsebd.org/displayCompany.php?name=AAMRANET, line 6128: ReferenceError: calculateRightBody is not defined
console.error: "Unable to find target with innerWindowId:6442451033"
console.error: "Unable to find target with innerWindowId:6442451033"
console.error: "Unable to find target with innerWindowId:6442451034"
JavaScript error: https://www.dsebd.org/displayCompany.php?name=AAMRANET, line 6128: ReferenceError: calculateRightBody is not defined
console.error: "Unable to find target with innerWindowId:6442451034"
console.error: "Unable to find target with innerWindowId:6442451034"
JavaScript error: https://www.dsebd.org/displayCompany.php?name=AAMRANET, line 6128: ReferenceError: calculateRightBody is not defined
console.error: "Unable to find target with innerWindowId:6442451035"
console.error: "Unable to find target with innerWindowId:6442451035"
JavaScript error: https://www.dsebd.org/displayCompany.php?name=AAMRANET, line 6128: ReferenceError: calculateRightBody is not defined
console.error: "Unable to find target with innerWindowId:6442451036"
console.error: "Unable to find target with innerWindowId:6442451036"
console.error: "Unable to find target with innerWindowId:6442451037"
JavaScript error: https://www.dsebd.org/displayCompany.php?name=AAMRANET, line 6128: ReferenceError: calculateRightBody is not defined
console.error: "Unable to find target with innerWindowId:6442451038"
JavaScript error: https://www.dsebd.org/displayCompany.php?name=AAMRANET, line 6128: ReferenceError: calculateRightBody is not defined
console.error: "Unable to find target with innerWindowId:6442451039"
JavaScript error: https://www.dsebd.org/displayCompany.php?name=AAMRANET, line 6128: ReferenceError: calculateRightBody is not defined
JavaScript error: https://www.dsebd.org/displayCompany.php?name=AAMRANET, line 6128: ReferenceError: calculateRightBody is not defined
console.error: "Unable to find target with innerWindowId:6442451041"
JavaScript error: https://www.dsebd.org/displayCompany.php?name=AAMRANET, line 6128: ReferenceError: calculateRightBody is not defined
console.error: "Unable to find target with innerWindowId:6442451042"
JavaScript error: https://www.dsebd.org/displayCompany.php?name=AAMRANET, line 6128: ReferenceError: calculateRightBody is not defined
console.error: "Unable to find target with innerWindowId:6442451043"
JavaScript error: https://www.dsebd.org/displayCompany.php?name=AAMRANET, line 6128: ReferenceError: calculateRightBody is not defined
console.error: "Unable to find target with innerWindowId:6442451044"
JavaScript error: https://www.dsebd.org/displayCompany.php?name=AAMRANET, line 6128: ReferenceError: calculateRightBody is not defined
JavaScript error: https://www.dsebd.org/displayCompany.php?name=AAMRANET, line 6128: ReferenceError: calculateRightBody is not defined
console.error: "Unable to find target with innerWindowId:6442451046"
JavaScript error: https://www.dsebd.org/displayCompany.php?name=AAMRANET, line 6128: ReferenceError: calculateRightBody is not defined
console.error: "Unable to find target with innerWindowId:6442451047"
JavaScript error: https://www.dsebd.org/displayCompany.php?name=AAMRANET, line 6128: ReferenceError: calculateRightBody is not defined
console.error: "Unable to find target with innerWindowId:6442451048"
JavaScript error: https://www.dsebd.org/displayCompany.php?name=AAMRANET, line 6128: ReferenceError: calculateRightBody is not defined
JavaScript error: https://www.dsebd.org/displayCompany.php?name=AAMRANET, line 6128: ReferenceError: calculateRightBody is not defined
JavaScript error: https://www.dsebd.org/displayCompany.php?name=AAMRANET, line 6128: ReferenceError: calculateRightBody is not defined
console.error: "Unable to find target with innerWindowId:6442451051"
JavaScript error: https://www.dsebd.org/displayCompany.php?name=AAMRANET, line 6128: ReferenceError: calculateRightBody is not defined
JavaScript error: https://www.dsebd.org/displayCompany.php?name=AAMRANET, line 2059: ReferenceError: calculateRightBody is not defined
console.error: "Unable to find target with innerWindowId:6442451053"
JavaScript error: https://www.dsebd.org/displayCompany.php?name=AAMRANET, line 6128: ReferenceError: calculateRightBody is not defined
JavaScript error: https://www.dsebd.org/displayCompany.php?name=AAMRANET, line 6128: ReferenceError: calculateRightBody is not defined
console.error: "Unable to find target with innerWindowId:6442451055"
JavaScript error: https://www.dsebd.org/displayCompany.php?name=AAMRANET, line 6128: ReferenceError: calculateRightBody is not defined
JavaScript error: https://www.dsebd.org/displayCompany.php?name=AAMRANET, line 6128: ReferenceError: calculateRightBody is not defined
JavaScript error: https://www.dsebd.org/displayCompany.php?name=AAMRANET, line 6128: ReferenceError: calculateRightBody is not defined
console.error: "Unable to find target with innerWindowId:6442451058"
JavaScript error: https://www.dsebd.org/displayCompany.php?name=AAMRANET, line 6128: ReferenceError: calculateRightBody is not defined
JavaScript error: https://www.dsebd.org/displayCompany.php?name=AAMRANET, line 6128: ReferenceError: calculateRightBody is not defined
JavaScript error: https://www.dsebd.org/displayCompany.php?name=AAMRANET, line 6128: ReferenceError: calculateRightBody is not defined
JavaScript error: https://www.dsebd.org/displayCompany.php?name=AAMRANET, line 6128: ReferenceError: calculateRightBody is not defined
JavaScript error: https://www.dsebd.org/displayCompany.php?name=AAMRANET, line 6128: ReferenceError: calculateRightBody is not defined
JavaScript error: https://www.dsebd.org/displayCompany.php?name=AAMRANET, line 6128: ReferenceError: calculateRightBody is not defined
JavaScript error: https://www.dsebd.org/displayCompany.php?name=AAMRANET, line 6128: ReferenceError: calculateRightBody is not defined
JavaScript error: https://www.dsebd.org/displayCompany.php?name=AAMRANET, line 6128: ReferenceError: calculateRightBody is not defined
JavaScript error: https://www.dsebd.org/displayCompany.php?name=AAMRANET, line 6128: ReferenceError: calculateRightBody is not defined
JavaScript error: https://www.dsebd.org/displayCompany.php?name=AAMRANET, line 6128: ReferenceError: calculateRightBody is not defined
console.error: "Unable to find target with innerWindowId:6442451068"
JavaScript error: https://www.dsebd.org/displayCompany.php?name=AAMRANET, line 6128: ReferenceError: calculateRightBody is not defined
JavaScript error: https://www.dsebd.org/displayCompany.php?name=AAMRANET, line 6128: ReferenceError: calculateRightBody is not defined
JavaScript error: https://www.dsebd.org/displayCompany.php?name=AAMRANET, line 6128: ReferenceError: calculateRightBody is not defined
JavaScript error: https://www.dsebd.org/displayCompany.php?name=AAMRANET, line 6128: ReferenceError: calculateRightBody is not defined
JavaScript error: https://www.dsebd.org/displayCompany.php?name=AAMRANET, line 6128: ReferenceError: calculateRightBody is not defined
JavaScript error: https://www.dsebd.org/displayCompany.php?name=AAMRANET, line 6128: ReferenceError: calculateRightBody is not defined
console.error: "Unable to find target with innerWindowId:6442451074"
JavaScript error: https://www.dsebd.org/displayCompany.php?name=AAMRANET, line 6128: ReferenceError: calculateRightBody is not defined
JavaScript error: https://www.dsebd.org/displayCompany.php?name=AAMRANET, line 6128: ReferenceError: calculateRightBody is not defined
JavaScript error: https://www.dsebd.org/displayCompany.php?name=AAMRANET, line 6128: ReferenceError: calculateRightBody is not defined
JavaScript error: https://www.dsebd.org/displayCompany.php?name=AAMRANET, line 6128: ReferenceError: calculateRightBody is not defined
JavaScript error: https://www.dsebd.org/displayCompany.php?name=AAMRANET, line 6128: ReferenceError: calculateRightBody is not defined
JavaScript error: https://www.dsebd.org/displayCompany.php?name=AAMRANET, line 6128: ReferenceError: calculateRightBody is not defined
JavaScript error: https://www.dsebd.org/displayCompany.php?name=AAMRANET, line 6128: ReferenceError: calculateRightBody is not defined
JavaScript error: resource://gre/modules/AsyncShutdown.sys.mjs, line 576: NotFoundError: No such JSWindowActor 'DevToolsFrame'
1677348030831	Marionette	INFO	Stopped listening on port 41315
1677348053934	geckodriver	INFO	Listening on 127.0.0.1:55659
1677348054518	mozrunner::runner	INFO	Running command: "/usr/bin/firefox" "--marionette" "--remote-debugging-port" "41171" "--remote-allow-hosts" "localhost" "-no-remote" "-profile" "/tmp/rust_mozprofileDVoD0o"
console.warn: services.settings: Ignoring preference override of remote settings server
console.warn: services.settings: Allow by setting MOZ_REMOTE_SETTINGS_DEVTOOLS=1 in the environment
ATTENTION: default value of option mesa_glthread overridden by environment.
ATTENTION: default value of option mesa_glthread overridden by environment.
ATTENTION: default value of option mesa_glthread overridden by environment.
ATTENTION: default value of option mesa_glthread overridden by environment.
1677348056139	Marionette	INFO	Marionette enabled
1677348056146	Marionette	INFO	Listening on port 42623
Read port: 42623
WebDriver BiDi listening on ws://127.0.0.1:41171
1677348056385	RemoteAgent	WARN	TLS certificate errors will be ignored for this session
console.error: ({})
console.warn: SearchSettings: "get: No settings file exists, new profile?" (new NotFoundError("Could not open the file at /tmp/rust_mozprofileDVoD0o/search.json.mozlz4", (void 0)))
DevTools listening on ws://127.0.0.1:41171/devtools/browser/aefa276e-5ef5-43f4-9e04-d91caecec344
JavaScript error: https://www.dsebd.org/displayCompany.php?name=AAMRANET, line 6128: ReferenceError: calculateRightBody is not defined
JavaScript error: https://www.dsebd.org/displayCompany.php?name=AAMRANET, line 6128: ReferenceError: calculateRightBody is not defined
JavaScript error: https://www.dsebd.org/displayCompany.php?name=AAMRANET, line 6128: ReferenceError: calculateRightBody is not defined
console.error: "Unable to find target with innerWindowId:6442450946"
console.error: "Unable to find target with innerWindowId:6442450946"
JavaScript error: https://www.dsebd.org/displayCompany.php?name=AAMRANET, line 6128: ReferenceError: calculateRightBody is not defined
console.error: "Unable to find target with innerWindowId:6442450950"
console.error: "Unable to find target with innerWindowId:6442450950"
JavaScript error: https://www.dsebd.org/displayCompany.php?name=AAMRANET, line 6128: ReferenceError: calculateRightBody is not defined
console.error: "Unable to find target with innerWindowId:6442450951"
console.error: "Unable to find target with innerWindowId:6442450951"
Exiting due to channel error.
Exiting due to channel error.
1677349360757	geckodriver	INFO	Listening on 127.0.0.1:54793
1677349361286	mozrunner::runner	INFO	Running command: "/usr/bin/firefox" "--marionette" "--remote-debugging-port" "42399" "--remote-allow-hosts" "localhost" "-no-remote" "-profile" "/tmp/rust_mozprofileIkosYG"
console.warn: services.settings: Ignoring preference override of remote settings server
console.warn: services.settings: Allow by setting MOZ_REMOTE_SETTINGS_DEVTOOLS=1 in the environment
ATTENTION: default value of option mesa_glthread overridden by environment.
ATTENTION: default value of option mesa_glthread overridden by environment.
ATTENTION: default value of option mesa_glthread overridden by environment.
ATTENTION: default value of option mesa_glthread overridden by environment.
1677349362523	Marionette	INFO	Marionette enabled
1677349362530	Marionette	INFO	Listening on port 45533
Read port: 45533
WebDriver BiDi listening on ws://127.0.0.1:42399
1677349362723	RemoteAgent	WARN	TLS certificate errors will be ignored for this session
console.error: ({})
console.warn: SearchSettings: "get: No settings file exists, new profile?" (new NotFoundError("Could not open the file at /tmp/rust_mozprofileIkosYG/search.json.mozlz4", (void 0)))
DevTools listening on ws://127.0.0.1:42399/devtools/browser/cb137b05-1caa-4ab1-a949-a4143450f9bc
JavaScript error: https://www.dsebd.org/displayCompany.php?name=AAMRANET, line 6128: ReferenceError: calculateRightBody is not defined
JavaScript error: https://www.dsebd.org/displayCompany.php?name=AAMRANET, line 6128: ReferenceError: calculateRightBody is not defined
JavaScript error: https://www.dsebd.org/displayCompany.php?name=AAMRANET, line 6128: ReferenceError: calculateRightBody is not defined
JavaScript error: https://www.dsebd.org/displayCompany.php?name=AAMRANET, line 6128: ReferenceError: calculateRightBody is not defined
JavaScript error: https://www.dsebd.org/displayCompany.php?name=AAMRANET, line 6128: ReferenceError: calculateRightBody is not defined
JavaScript error: https://www.dsebd.org/displayCompany.php?name=AAMRANET, line 6128: ReferenceError: calculateRightBody is not defined
JavaScript error: https://www.dsebd.org/displayCompany.php?name=AAMRANET, line 6128: ReferenceError: calculateRightBody is not defined
JavaScript error: https://www.dsebd.org/company_listing.php, line 6200: ReferenceError: calculateRightBody is not defined
JavaScript error: https://www.dsebd.org/company_listing.php, line 6200: ReferenceError: calculateRightBody is not defined
console.error: "Unable to find target with innerWindowId:6442450961"
console.error: "Unable to find target with innerWindowId:6442450961"
JavaScript error: https://www.dsebd.org/displayCompany.php?name=AAMRANET, line 6128: ReferenceError: calculateRightBody is not defined
console.error: "Unable to find target with innerWindowId:6442450962"
console.error: "Unable to find target with innerWindowId:6442450962"
JavaScript error: https://www.dsebd.org/company_listing.php#A, line 6200: ReferenceError: calculateRightBody is not defined
console.error: "Unable to find target with innerWindowId:6442450963"
console.error: "Unable to find target with innerWindowId:6442450963"
JavaScript error: https://www.dsebd.org/company_listing.php#A, line 6200: ReferenceError: calculateRightBody is not defined
console.error: "Unable to find target with innerWindowId:6442450964"
console.error: "Unable to find target with innerWindowId:6442450964"
JavaScript error: https://www.dsebd.org/company_listing.php#A, line 6200: ReferenceError: calculateRightBody is not defined
console.error: "Unable to find target with innerWindowId:6442450965"
console.error: "Unable to find target with innerWindowId:6442450965"
JavaScript error: https://www.dsebd.org/company_listing.php#A, line 6200: ReferenceError: calculateRightBody is not defined
console.error: "Unable to find target with innerWindowId:6442450966"
console.error: "Unable to find target with innerWindowId:6442450966"
console.error: (new TypeError("currentNode is null", "resource://devtools/client/inspector/shared/style-change-tracker.js", 66))
TypeError: currentNode is null: canMutationImpactCurrentStyles@resource://devtools/client/inspector/shared/style-change-tracker.js:66:20
onMutations@resource://devtools/client/inspector/shared/style-change-tracker.js:84:41
_emit@resource://devtools/shared/event-emitter.js:242:32
emit@resource://devtools/shared/event-emitter.js:186:18
emit@resource://devtools/shared/event-emitter.js:330:18
getMutations@resource://devtools/client/fronts/walker.js:313:10

JavaScript error: https://www.dsebd.org/company_listing.php#A, line 6200: ReferenceError: calculateRightBody is not defined
console.error: "Unable to find target with innerWindowId:6442450967"
console.error: "Unable to find target with innerWindowId:6442450967"
JavaScript error: https://www.dsebd.org/displayCompany.php?name=AAMRANET, line 6128: ReferenceError: calculateRightBody is not defined
console.error: "Unable to find target with innerWindowId:6442450968"
console.error: "Unable to find target with innerWindowId:6442450968"
JavaScript error: https://www.dsebd.org/displayCompany.php?name=AAMRANET, line 6128: ReferenceError: calculateRightBody is not defined
console.error: "Unable to find target with innerWindowId:6442450969"
console.error: "Unable to find target with innerWindowId:6442450969"
JavaScript error: resource://gre/modules/AsyncShutdown.sys.mjs, line 576: NotFoundError: No such JSWindowActor 'DevToolsFrame'
1677353466140	Marionette	INFO	Stopped listening on port 45533
1677354277041	geckodriver	INFO	Listening on 127.0.0.1:32893
1677354277584	mozrunner::runner	INFO	Running command: "/usr/bin/firefox" "--marionette" "--remote-debugging-port" "43201" "--remote-allow-hosts" "localhost" "-no-remote" "-profile" "/tmp/rust_mozprofile3i7l2x"
console.warn: services.settings: Ignoring preference override of remote settings server
console.warn: services.settings: Allow by setting MOZ_REMOTE_SETTINGS_DEVTOOLS=1 in the environment
ATTENTION: default value of option mesa_glthread overridden by environment.
ATTENTION: default value of option mesa_glthread overridden by environment.
ATTENTION: default value of option mesa_glthread overridden by environment.
ATTENTION: default value of option mesa_glthread overridden by environment.
1677354279194	Marionette	INFO	Marionette enabled
1677354279201	Marionette	INFO	Listening on port 33201
Read port: 33201
WebDriver BiDi listening on ws://127.0.0.1:43201
1677354279475	RemoteAgent	WARN	TLS certificate errors will be ignored for this session
console.error: ({})
console.warn: SearchSettings: "get: No settings file exists, new profile?" (new NotFoundError("Could not open the file at /tmp/rust_mozprofile3i7l2x/search.json.mozlz4", (void 0)))
DevTools listening on ws://127.0.0.1:43201/devtools/browser/b86f2ea2-8271-4c00-b767-733033cc97df
JavaScript error: https://www.dsebd.org/displayCompany.php?name=AAMRANET, line 6128: ReferenceError: calculateRightBody is not defined
JavaScript error: https://www.dsebd.org/displayCompany.php?name=AAMRANET, line 6128: ReferenceError: calculateRightBody is not defined
console.error: "Unable to find target with innerWindowId:6442450945"
console.error: "Unable to find target with innerWindowId:6442450945"
JavaScript error: https://www.dsebd.org/displayCompany.php?name=AAMRANET, line 6128: ReferenceError: calculateRightBody is not defined
JavaScript error: https://www.dsebd.org/displayCompany.php?name=AAMRANET, line 6128: ReferenceError: calculateRightBody is not defined
JavaScript error: https://www.dsebd.org/displayCompany.php?name=AAMRANET, line 6128: ReferenceError: calculateRightBody is not defined
JavaScript error: https://www.dsebd.org/displayCompany.php?name=AAMRANET, line 6128: ReferenceError: calculateRightBody is not defined
JavaScript error: https://www.dsebd.org/displayCompany.php?name=AAMRANET, line 6128: ReferenceError: calculateRightBody is not defined
JavaScript error: https://www.dsebd.org/displayCompany.php?name=AAMRANET, line 6128: ReferenceError: calculateRightBody is not defined
JavaScript error: https://www.dsebd.org/displayCompany.php?name=AAMRANET, line 6128: ReferenceError: calculateRightBody is not defined
console.error: "Unable to find target with innerWindowId:6442450952"
console.error: "Unable to find target with innerWindowId:6442450952"
JavaScript error: https://www.dsebd.org/displayCompany.php?name=AAMRANET, line 6128: ReferenceError: calculateRightBody is not defined
console.error: "Unable to find target with innerWindowId:6442450953"
console.error: "Unable to find target with innerWindowId:6442450953"
JavaScript error: https://www.dsebd.org/displayCompany.php?name=AAMRANET, line 6128: ReferenceError: calculateRightBody is not defined
console.error: "Unable to find target with innerWindowId:6442450954"
console.error: "Unable to find target with innerWindowId:6442450954"
JavaScript error: https://www.dsebd.org/displayCompany.php?name=AAMRANET, line 6128: ReferenceError: calculateRightBody is not defined
console.error: "Unable to find target with innerWindowId:6442450955"
console.error: "Unable to find target with innerWindowId:6442450955"
JavaScript error: https://www.dsebd.org/displayCompany.php?name=AAMRANET, line 6128: ReferenceError: calculateRightBody is not defined
console.error: "Unable to find target with innerWindowId:6442450956"
console.error: "Unable to find target with innerWindowId:6442450956"
JavaScript error: https://www.dsebd.org/displayCompany.php?name=AAMRANET, line 6128: ReferenceError: calculateRightBody is not defined
console.error: "Unable to find target with innerWindowId:6442450957"
console.error: "Unable to find target with innerWindowId:6442450957"
JavaScript error: https://www.dsebd.org/displayCompany.php?name=AAMRANET, line 6128: ReferenceError: calculateRightBody is not defined
console.error: "Unable to find target with innerWindowId:6442450958"
console.error: "Unable to find target with innerWindowId:6442450958"
console.error: "Unable to find target with innerWindowId:6442450959"
JavaScript error: https://www.dsebd.org/displayCompany.php?name=AAMRANET, line 6128: ReferenceError: calculateRightBody is not defined
JavaScript error: https://www.dsebd.org/displayCompany.php?name=AAMRANET, line 6128: ReferenceError: calculateRightBody is not defined
console.error: "Unable to find target with innerWindowId:6442450960"
console.error: "Unable to find target with innerWindowId:6442450960"
JavaScript error: https://www.dsebd.org/displayCompany.php?name=AAMRANET, line 6128: ReferenceError: calculateRightBody is not defined
console.error: "Unable to find target with innerWindowId:6442450961"
console.error: "Unable to find target with innerWindowId:6442450961"
JavaScript error: https://www.dsebd.org/displayCompany.php?name=AAMRANET, line 6128: ReferenceError: calculateRightBody is not defined
console.error: "Unable to find target with innerWindowId:6442450962"
console.error: "Unable to find target with innerWindowId:6442450962"
JavaScript error: https://www.dsebd.org/displayCompany.php?name=AAMRANET, line 6128: ReferenceError: calculateRightBody is not defined
JavaScript error: https://www.dsebd.org/displayCompany.php?name=AAMRANET, line 6128: ReferenceError: calculateRightBody is not defined
JavaScript error: https://www.dsebd.org/displayCompany.php?name=AAMRANET, line 6128: ReferenceError: calculateRightBody is not defined
JavaScript error: https://www.dsebd.org/displayCompany.php?name=AAMRANET, line 6128: ReferenceError: calculateRightBody is not defined
JavaScript error: https://www.dsebd.org/displayCompany.php?name=AAMRANET, line 2059: ReferenceError: calculateRightBody is not defined
JavaScript error: https://www.dsebd.org/displayCompany.php?name=AAMRANET, line 6128: ReferenceError: calculateRightBody is not defined
console.error: "Unable to find target with innerWindowId:6442450969"
JavaScript error: https://www.dsebd.org/displayCompany.php?name=AAMRANET, line 6128: ReferenceError: calculateRightBody is not defined
JavaScript error: https://www.dsebd.org/displayCompany.php?name=AAMRANET, line 6128: ReferenceError: calculateRightBody is not defined
console.warn: "Async method failed in safeAsyncMethod" (new Error("The target doesn't support creating highlighters by types or BoxModelHighlighter is unknown", "resource://devtools/client/fronts/inspector.js", 158))
JavaScript error: resource://gre/modules/AsyncShutdown.sys.mjs, line 576: NotFoundError: No such JSWindowActor 'DevToolsFrame'
JavaScript error: resource://gre/modules/AsyncShutdown.sys.mjs, line 576: NotFoundError: No such JSWindowActor 'DevToolsFrame'
1677362196317	Marionette	INFO	Stopped listening on port 33201
